<?xml version="1.0" encoding="UTF-8"?>
<!-- Generated by org.testng.reporters.JUnitXMLReporter -->
<testsuite hostname="MHYD68B8E0D5" ignored="0" name="Surefire test" tests="6" failures="0" timestamp="2022-10-04T01:21:14 IST" time="0.08" errors="0">
  <testcase name="junitThreeTest1 on junitThreeTest1(com.msn.junit.JUnitTestThree)" time="0.019" classname="com.msn.junit.JUnitTestThree"/>
  <testcase name="junitThreeTest2 on junitThreeTest2(com.msn.junit.JUnitTestThree)" time="0.019" classname="com.msn.junit.JUnitTestThree"/>
  <testcase name="junitThreeTest3 on junitThreeTest3(com.msn.junit.JUnitTestThree)" time="0.019" classname="com.msn.junit.JUnitTestThree"/>
  <testcase name="junitFourTest1 on junitFourTest1(com.msn.junit.JUnitTestFour)" time="0.001" classname="com.msn.junit.JUnitTestFour"/>
  <testcase name="junitFourTest2 on junitFourTest2(com.msn.junit.JUnitTestFour)" time="0.001" classname="com.msn.junit.JUnitTestFour"/>
  <testcase name="junitFourTest3 on junitFourTest3(com.msn.junit.JUnitTestFour)" time="0.001" classname="com.msn.junit.JUnitTestFour"/>
</testsuite> <!-- Surefire test -->
