<?xml version="1.0" encoding="UTF-8"?>
<!-- Generated by org.testng.reporters.JUnitXMLReporter -->
<testsuite hostname="MHYD68B8E0D5" ignored="0" name="Surefire test" tests="6" failures="0" timestamp="2022-10-04T01:00:55 IST" time="0.079" errors="0">
  <testcase name="test1 on test1(com.msn.junit.JUnitTestThree)" time="0.018" classname="com.msn.junit.JUnitTestThree"/>
  <testcase name="test2 on test2(com.msn.junit.JUnitTestThree)" time="0.019" classname="com.msn.junit.JUnitTestThree"/>
  <testcase name="test3 on test3(com.msn.junit.JUnitTestThree)" time="0.018" classname="com.msn.junit.JUnitTestThree"/>
  <testcase name="test1 on test1(com.msn.junit.JUnitTestFour)" time="0.0" classname="com.msn.junit.JUnitTestFour"/>
  <testcase name="test2 on test2(com.msn.junit.JUnitTestFour)" time="0.0" classname="com.msn.junit.JUnitTestFour"/>
  <testcase name="test3 on test3(com.msn.junit.JUnitTestFour)" time="0.001" classname="com.msn.junit.JUnitTestFour"/>
</testsuite> <!-- Surefire test -->
