<?xml version="1.0" encoding="UTF-8"?>
<testng-results skipped="0" failed="0" ignored="0" total="6" passed="6">
  <reporter-output>
  </reporter-output>
  <suite name="Surefire suite" duration-ms="79" started-at="2022-10-04T01:00:55 IST" finished-at="2022-10-04T01:00:55 IST">
    <groups>
    </groups>
    <test name="Surefire test" duration-ms="79" started-at="2022-10-04T01:00:55 IST" finished-at="2022-10-04T01:00:55 IST">
      <class name="com.msn.junit.JUnitTestFour">
        <test-method status="PASS" signature="test2()" name="test2" duration-ms="0" started-at="2022-10-04T01:00:55 IST" finished-at="2022-10-04T01:00:55 IST">
          <reporter-output>
          </reporter-output>
        </test-method> <!-- test2 -->
        <test-method status="PASS" signature="test3()" name="test3" duration-ms="1" started-at="2022-10-04T01:00:55 IST" finished-at="2022-10-04T01:00:55 IST">
          <reporter-output>
          </reporter-output>
        </test-method> <!-- test3 -->
        <test-method status="PASS" signature="test1()" name="test1" duration-ms="0" started-at="2022-10-04T01:00:55 IST" finished-at="2022-10-04T01:00:55 IST">
          <reporter-output>
          </reporter-output>
        </test-method> <!-- test1 -->
      </class> <!-- com.msn.junit.JUnitTestFour -->
      <class name="com.msn.junit.JUnitTestThree">
        <test-method status="PASS" signature="test1()" name="test1" duration-ms="18" started-at="2022-10-04T01:00:55 IST" finished-at="2022-10-04T01:00:55 IST">
          <reporter-output>
          </reporter-output>
        </test-method> <!-- test1 -->
        <test-method status="PASS" signature="test2()" name="test2" duration-ms="19" started-at="2022-10-04T01:00:55 IST" finished-at="2022-10-04T01:00:55 IST">
          <reporter-output>
          </reporter-output>
        </test-method> <!-- test2 -->
        <test-method status="PASS" signature="test3()" name="test3" duration-ms="18" started-at="2022-10-04T01:00:55 IST" finished-at="2022-10-04T01:00:55 IST">
          <reporter-output>
          </reporter-output>
        </test-method> <!-- test3 -->
      </class> <!-- com.msn.junit.JUnitTestThree -->
    </test> <!-- Surefire test -->
  </suite> <!-- Surefire suite -->
</testng-results>
