<?xml version="1.0" encoding="UTF-8"?>
<testsuite xmlns:xsi="http://www.w3.org/2001/XMLSchema-instance" xsi:noNamespaceSchemaLocation="https://maven.apache.org/surefire/maven-surefire-plugin/xsd/surefire-test-report.xsd" name="com.msn.performance.PerformanceTestOne" time="0.417" tests="3" errors="0" skipped="0" failures="0">
  <properties>
[...]
</properties>
  <testcase name="test1 on test1(com.msn.performance.PerformanceTestOne)" classname="com.msn.performance.PerformanceTestOne" time="0.009"/>
  <testcase name="test2 on test2(com.msn.performance.PerformanceTestOne)" classname="com.msn.performance.PerformanceTestOne" time="0"/>
  <testcase name="test3 on test3(com.msn.performance.PerformanceTestOne)" classname="com.msn.performance.PerformanceTestOne" time="0"/>
</testsuite>